<?xml version="1.0" encoding="UTF-8"?>
<!-- Generated by org.testng.reporters.JUnitXMLReporter -->
<testsuite ignored="0" hostname="DESKTOP-ARF3BKM" failures="0" tests="18" name="Test" time="16.699" errors="0" timestamp="2023-07-04T11:54:45 IST">
  <testcase classname="Rest_Assured.Test_Rest_API" name="Create_Repository_for_Authenticated_User" time="4.608"/>
  <testcase classname="Rest_Assured.Test_Rest_API" name="Update_a_Repository" time="0.791"/>
  <testcase classname="Rest_Assured.Test_Rest_API" name="Get_a_Repository" time="0.558"/>
  <testcase classname="Rest_Assured.Test_Rest_API" name="Create_a_Fork" time="0.619"/>
  <testcase classname="Rest_Assured.Test_Rest_API" name="List_of_Forks" time="1.055"/>
  <testcase classname="Rest_Assured.Test_Rest_API" name="List_Repositories_of_User" time="0.564"/>
  <testcase classname="Rest_Assured.Test_Rest_API" name="List_Repositories_of_Language" time="0.463"/>
  <testcase classname="Rest_Assured.Test_Rest_API" name="List_Public_Repositories" time="1.168"/>
  <testcase classname="Rest_Assured.Test_Rest_API" name="Create_a_File_Content" time="1.638"/>
  <testcase classname="Rest_Assured.Test_Rest_API" name="Update_a_File_Content" time="0.713"/>
  <testcase classname="Rest_Assured.Test_Rest_API" name="Delete_a_File_Content" time="0.628"/>
  <testcase classname="Rest_Assured.Test_Rest_API" name="List_Repository_tags" time="0.432"/>
  <testcase classname="Rest_Assured.Test_Rest_API" name="Create_an_AutoLink_Reference_for_a_Repository" time="0.482"/>
  <testcase classname="Rest_Assured.Test_Rest_API" name="Get_an_autolink_reference_for_a_Repository" time="0.478"/>
  <testcase classname="Rest_Assured.Test_Rest_API" name="Delete_from_an_autolink_reference_for_a_Repository" time="0.539"/>
  <testcase classname="Rest_Assured.Test_Rest_API" name="Get_all_Repository_topics" time="0.467"/>
  <testcase classname="Rest_Assured.Test_Rest_API" name="Replace_all_Repository_topics" time="0.629"/>
  <testcase classname="Rest_Assured.Test_Rest_API" name="Delete_a_Repository" time="0.635"/>
</testsuite> <!-- Test -->
